c:\users\fgarc\desktop\feliped\facultad\5to semestre\v1\respaldo\sistema_solar\cube\debug\vc142.pdb
c:\users\fgarc\desktop\feliped\facultad\5to semestre\v1\respaldo\sistema_solar\cube\debug\vc142.idb
c:\users\fgarc\desktop\feliped\facultad\5to semestre\v1\respaldo\sistema_solar\cube\debug\textureshaderclass.obj
c:\users\fgarc\desktop\feliped\facultad\5to semestre\v1\respaldo\sistema_solar\cube\debug\textureclass.obj
c:\users\fgarc\desktop\feliped\facultad\5to semestre\v1\respaldo\sistema_solar\cube\debug\systemclass.obj
c:\users\fgarc\desktop\feliped\facultad\5to semestre\v1\respaldo\sistema_solar\cube\debug\modelclass.obj
c:\users\fgarc\desktop\feliped\facultad\5to semestre\v1\respaldo\sistema_solar\cube\debug\main.obj
c:\users\fgarc\desktop\feliped\facultad\5to semestre\v1\respaldo\sistema_solar\cube\debug\lightshaderclass.obj
c:\users\fgarc\desktop\feliped\facultad\5to semestre\v1\respaldo\sistema_solar\cube\debug\lightclass.obj
c:\users\fgarc\desktop\feliped\facultad\5to semestre\v1\respaldo\sistema_solar\cube\debug\inputclass.obj
c:\users\fgarc\desktop\feliped\facultad\5to semestre\v1\respaldo\sistema_solar\cube\debug\graphicsclass.obj
c:\users\fgarc\desktop\feliped\facultad\5to semestre\v1\respaldo\sistema_solar\cube\debug\d3dclass.obj
c:\users\fgarc\desktop\feliped\facultad\5to semestre\v1\respaldo\sistema_solar\cube\debug\cubeclass.obj
c:\users\fgarc\desktop\feliped\facultad\5to semestre\v1\respaldo\sistema_solar\cube\debug\colorshaderclass.obj
c:\users\fgarc\desktop\feliped\facultad\5to semestre\v1\respaldo\sistema_solar\cube\debug\cameraclass.obj
c:\users\fgarc\desktop\feliped\facultad\gc2\clase 5\sistema_solar\cube\debug\vc142.pdb
c:\users\fgarc\desktop\feliped\facultad\gc2\clase 5\sistema_solar\cube\debug\vc142.idb
c:\users\fgarc\desktop\feliped\facultad\gc2\clase 5\sistema_solar\cube\debug\textureshaderclass.obj
c:\users\fgarc\desktop\feliped\facultad\gc2\clase 5\sistema_solar\cube\debug\textureclass.obj
c:\users\fgarc\desktop\feliped\facultad\gc2\clase 5\sistema_solar\cube\debug\systemclass.obj
c:\users\fgarc\desktop\feliped\facultad\gc2\clase 5\sistema_solar\cube\debug\modelclass.obj
c:\users\fgarc\desktop\feliped\facultad\gc2\clase 5\sistema_solar\cube\debug\main.obj
c:\users\fgarc\desktop\feliped\facultad\gc2\clase 5\sistema_solar\cube\debug\lightshaderclass.obj
c:\users\fgarc\desktop\feliped\facultad\gc2\clase 5\sistema_solar\cube\debug\lightclass.obj
c:\users\fgarc\desktop\feliped\facultad\gc2\clase 5\sistema_solar\cube\debug\inputclass.obj
c:\users\fgarc\desktop\feliped\facultad\gc2\clase 5\sistema_solar\cube\debug\graphicsclass.obj
c:\users\fgarc\desktop\feliped\facultad\gc2\clase 5\sistema_solar\cube\debug\d3dclass.obj
c:\users\fgarc\desktop\feliped\facultad\gc2\clase 5\sistema_solar\cube\debug\cubeclass.obj
c:\users\fgarc\desktop\feliped\facultad\gc2\clase 5\sistema_solar\cube\debug\colorshaderclass.obj
c:\users\fgarc\desktop\feliped\facultad\gc2\clase 5\sistema_solar\cube\debug\cameraclass.obj
c:\users\fgarc\desktop\feliped\facultad\5to semestre\v1\respaldo\sistema_solar\debug\sistema_solar.exe
c:\users\fgarc\desktop\feliped\facultad\5to semestre\v1\respaldo\sistema_solar\cube\debug\sistema_solar.ilk
c:\users\fgarc\desktop\feliped\facultad\5to semestre\v1\respaldo\sistema_solar\debug\sistema_solar.pdb
c:\users\fgarc\desktop\feliped\facultad\gc2\clase 5\sistema_solar\debug\sistema_solar.exe
c:\users\fgarc\desktop\feliped\facultad\gc2\clase 5\sistema_solar\cube\debug\sistema_solar.ilk
c:\users\fgarc\desktop\feliped\facultad\gc2\clase 5\sistema_solar\debug\sistema_solar.pdb
e:\documentos\universidad\semestre agosto - diciembre 2023\gráficas 2\repositorio_graficas\gc2-ad2023\sistema_solar\cube\debug\cameraclass.obj
e:\documentos\universidad\semestre agosto - diciembre 2023\gráficas 2\repositorio_graficas\gc2-ad2023\sistema_solar\cube\debug\colorshaderclass.obj
e:\documentos\universidad\semestre agosto - diciembre 2023\gráficas 2\repositorio_graficas\gc2-ad2023\sistema_solar\cube\debug\cubeclass.obj
e:\documentos\universidad\semestre agosto - diciembre 2023\gráficas 2\repositorio_graficas\gc2-ad2023\sistema_solar\cube\debug\d3dclass.obj
e:\documentos\universidad\semestre agosto - diciembre 2023\gráficas 2\repositorio_graficas\gc2-ad2023\sistema_solar\cube\debug\graphicsclass.obj
e:\documentos\universidad\semestre agosto - diciembre 2023\gráficas 2\repositorio_graficas\gc2-ad2023\sistema_solar\cube\debug\inputclass.obj
e:\documentos\universidad\semestre agosto - diciembre 2023\gráficas 2\repositorio_graficas\gc2-ad2023\sistema_solar\cube\debug\lightclass.obj
e:\documentos\universidad\semestre agosto - diciembre 2023\gráficas 2\repositorio_graficas\gc2-ad2023\sistema_solar\cube\debug\lightshaderclass.obj
e:\documentos\universidad\semestre agosto - diciembre 2023\gráficas 2\repositorio_graficas\gc2-ad2023\sistema_solar\cube\debug\main.obj
e:\documentos\universidad\semestre agosto - diciembre 2023\gráficas 2\repositorio_graficas\gc2-ad2023\sistema_solar\cube\debug\modelclass.obj
e:\documentos\universidad\semestre agosto - diciembre 2023\gráficas 2\repositorio_graficas\gc2-ad2023\sistema_solar\cube\debug\systemclass.obj
e:\documentos\universidad\semestre agosto - diciembre 2023\gráficas 2\repositorio_graficas\gc2-ad2023\sistema_solar\cube\debug\textureclass.obj
e:\documentos\universidad\semestre agosto - diciembre 2023\gráficas 2\repositorio_graficas\gc2-ad2023\sistema_solar\cube\debug\textureshaderclass.obj
e:\documentos\universidad\semestre agosto - diciembre 2023\gráficas 2\repositorio_graficas\gc2-ad2023\sistema_solar\cube\debug\sistema_solar.ilk
e:\documentos\universidad\semestre agosto - diciembre 2023\gráficas 2\repositorio_graficas\gc2-ad2023\sistema_solar\cube\debug\vc120.idb
e:\documentos\universidad\semestre agosto - diciembre 2023\gráficas 2\repositorio_graficas\gc2-ad2023\sistema_solar\cube\debug\vc142.idb
e:\documentos\universidad\semestre agosto - diciembre 2023\gráficas 2\repositorio_graficas\gc2-ad2023\sistema_solar\cube\debug\vc120.pdb
e:\documentos\universidad\semestre agosto - diciembre 2023\gráficas 2\repositorio_graficas\gc2-ad2023\sistema_solar\cube\debug\vc142.pdb
e:\documentos\universidad\semestre agosto - diciembre 2023\gráficas 2\repositorio_graficas\gc2-ad2023\sistema_solar\debug\sistema_solar.pdb
e:\documentos\universidad\semestre agosto - diciembre 2023\gráficas 2\repositorio_graficas\gc2-ad2023\sistema_solar\debug\sistema_solar.exe
e:\documentos\universidad\semestre agosto - diciembre 2023\gráficas 2\repositorio_graficas\gc2-ad2023\sistema_solar\debug\sistema_solar.ilk
e:\documentos\universidad\semestre agosto - diciembre 2023\gráficas 2\repositorio_graficas\gc2-ad2023\sistema_solar\cube\debug\sistema_solar.tlog\cl.command.1.tlog
e:\documentos\universidad\semestre agosto - diciembre 2023\gráficas 2\repositorio_graficas\gc2-ad2023\sistema_solar\cube\debug\sistema_solar.tlog\cl.read.1.tlog
e:\documentos\universidad\semestre agosto - diciembre 2023\gráficas 2\repositorio_graficas\gc2-ad2023\sistema_solar\cube\debug\sistema_solar.tlog\cl.write.1.tlog
e:\documentos\universidad\semestre agosto - diciembre 2023\gráficas 2\repositorio_graficas\gc2-ad2023\sistema_solar\cube\debug\sistema_solar.tlog\link.command.1.tlog
e:\documentos\universidad\semestre agosto - diciembre 2023\gráficas 2\repositorio_graficas\gc2-ad2023\sistema_solar\cube\debug\sistema_solar.tlog\link.delete.1.tlog
e:\documentos\universidad\semestre agosto - diciembre 2023\gráficas 2\repositorio_graficas\gc2-ad2023\sistema_solar\cube\debug\sistema_solar.tlog\link.read.1.tlog
e:\documentos\universidad\semestre agosto - diciembre 2023\gráficas 2\repositorio_graficas\gc2-ad2023\sistema_solar\cube\debug\sistema_solar.tlog\link.write.1.tlog
