c:\users\angel medrano g\desktop\trianglegreen\debug\vc142.pdb
c:\users\angel medrano g\desktop\trianglegreen\debug\vc142.idb
c:\users\angel medrano g\desktop\trianglegreen\debug\main.obj
c:\users\angel medrano g\desktop\trianglegreen\debug\dx11base.obj
c:\users\angel medrano g\desktop\trianglegreen\debug\demotrianglegreen.obj
c:\users\medra\downloads\trianglegreen\trianglegreen\debug\vc142.pdb
c:\users\medra\downloads\trianglegreen\trianglegreen\debug\vc142.idb
c:\users\medra\downloads\trianglegreen\trianglegreen\debug\main.obj
c:\users\medra\downloads\trianglegreen\trianglegreen\debug\dx11base.obj
c:\users\medra\downloads\trianglegreen\trianglegreen\debug\demotrianglegreen.obj
c:\users\angel medrano g\desktop\trianglegreen\debug\trianglegreen.exe
c:\users\angel medrano g\desktop\trianglegreen\debug\trianglegreen.ilk
c:\users\angel medrano g\desktop\trianglegreen\debug\trianglegreen.pdb
c:\users\medra\downloads\trianglegreen\trianglegreen\debug\trianglegreen.ilk
c:\users\medra\downloads\trianglegreen\trianglegreen\debug\trianglegreen.exe
c:\users\medra\downloads\trianglegreen\trianglegreen\debug\trianglegreen.pdb
c:\users\medra\downloads\trianglegreen\trianglegreen\debug\trianglegreen.tlog\cl.command.1.tlog
c:\users\medra\downloads\trianglegreen\trianglegreen\debug\trianglegreen.tlog\cl.read.1.tlog
c:\users\medra\downloads\trianglegreen\trianglegreen\debug\trianglegreen.tlog\cl.write.1.tlog
c:\users\medra\downloads\trianglegreen\trianglegreen\debug\trianglegreen.tlog\link.command.1.tlog
c:\users\medra\downloads\trianglegreen\trianglegreen\debug\trianglegreen.tlog\link.read.1.tlog
c:\users\medra\downloads\trianglegreen\trianglegreen\debug\trianglegreen.tlog\link.write.1.tlog
