d:\facu\graficas 2\clase7\model\debug\vc143.pdb
d:\facu\graficas 2\clase7\model\debug\vc143.idb
d:\facu\graficas 2\clase7\model\debug\objparser.obj
d:\facu\graficas 2\clase7\model\debug\main.obj
d:\facu\graficas 2\clase7\model\debug\dx11base.obj
d:\facu\graficas 2\clase7\model\debug\demomodel.obj
d:\facu\graficas 2\clase7\model\debug\shaderlighting.cso
d:\facu\graficas 2\clase7\model\debug\model.ilk
d:\facu\graficas 2\clase7\model\debug\model.exe
d:\facu\graficas 2\clase7\model\debug\model.pdb
d:\facu\graficas 2\clase7\model\debug\model.tlog\cl.command.1.tlog
d:\facu\graficas 2\clase7\model\debug\model.tlog\cl.items.tlog
d:\facu\graficas 2\clase7\model\debug\model.tlog\cl.read.1.tlog
d:\facu\graficas 2\clase7\model\debug\model.tlog\cl.write.1.tlog
d:\facu\graficas 2\clase7\model\debug\model.tlog\fxc.command.1.tlog
d:\facu\graficas 2\clase7\model\debug\model.tlog\fxc.read.1.tlog
d:\facu\graficas 2\clase7\model\debug\model.tlog\fxc.write.1.tlog
d:\facu\graficas 2\clase7\model\debug\model.tlog\link.command.1.tlog
d:\facu\graficas 2\clase7\model\debug\model.tlog\link.read.1.tlog
d:\facu\graficas 2\clase7\model\debug\model.tlog\link.write.1.tlog
