e:\documentos\universidad\semestre agosto - diciembre 2023\gráficas 2\practicas\gc2-ad2023-clases-luces\lucesgc2\model\debug\vc143.pdb
e:\documentos\universidad\semestre agosto - diciembre 2023\gráficas 2\practicas\gc2-ad2023-clases-luces\lucesgc2\model\debug\vc143.idb
e:\documentos\universidad\semestre agosto - diciembre 2023\gráficas 2\practicas\gc2-ad2023-clases-luces\lucesgc2\model\debug\objparser.obj
e:\documentos\universidad\semestre agosto - diciembre 2023\gráficas 2\practicas\gc2-ad2023-clases-luces\lucesgc2\model\debug\main.obj
e:\documentos\universidad\semestre agosto - diciembre 2023\gráficas 2\practicas\gc2-ad2023-clases-luces\lucesgc2\model\debug\dx11base.obj
e:\documentos\universidad\semestre agosto - diciembre 2023\gráficas 2\practicas\gc2-ad2023-clases-luces\lucesgc2\model\debug\demomodel.obj
e:\documentos\universidad\semestre agosto - diciembre 2023\gráficas 2\practicas\gc2-ad2023-clases-luces\lucesgc2\model\debug\shaderlighting.cso
e:\documentos\universidad\semestre agosto - diciembre 2023\gráficas 2\practicas\gc2-ad2023-clases-luces\lucesgc2\model\debug\model.exe
e:\documentos\universidad\semestre agosto - diciembre 2023\gráficas 2\practicas\gc2-ad2023-clases-luces\lucesgc2\model\debug\model.ilk
e:\documentos\universidad\semestre agosto - diciembre 2023\gráficas 2\practicas\gc2-ad2023-clases-luces\lucesgc2\model\debug\model.pdb
e:\documentos\universidad\semestre agosto - diciembre 2023\gráficas 2\practicas\gc2-ad2023-clases-luces\lucesgc2\model\debug\vc142.idb
e:\documentos\universidad\semestre agosto - diciembre 2023\gráficas 2\practicas\gc2-ad2023-clases-luces\lucesgc2\model\debug\vc142.pdb
e:\documentos\universidad\semestre agosto - diciembre 2023\gráficas 2\practicas\gc2-ad2023-clases-luces\lucesgc2\model\debug\model.tlog\cl.command.1.tlog
e:\documentos\universidad\semestre agosto - diciembre 2023\gráficas 2\practicas\gc2-ad2023-clases-luces\lucesgc2\model\debug\model.tlog\cl.items.tlog
e:\documentos\universidad\semestre agosto - diciembre 2023\gráficas 2\practicas\gc2-ad2023-clases-luces\lucesgc2\model\debug\model.tlog\cl.read.1.tlog
e:\documentos\universidad\semestre agosto - diciembre 2023\gráficas 2\practicas\gc2-ad2023-clases-luces\lucesgc2\model\debug\model.tlog\cl.write.1.tlog
e:\documentos\universidad\semestre agosto - diciembre 2023\gráficas 2\practicas\gc2-ad2023-clases-luces\lucesgc2\model\debug\model.tlog\fxc.command.1.tlog
e:\documentos\universidad\semestre agosto - diciembre 2023\gráficas 2\practicas\gc2-ad2023-clases-luces\lucesgc2\model\debug\model.tlog\fxc.read.1.tlog
e:\documentos\universidad\semestre agosto - diciembre 2023\gráficas 2\practicas\gc2-ad2023-clases-luces\lucesgc2\model\debug\model.tlog\fxc.write.1.tlog
e:\documentos\universidad\semestre agosto - diciembre 2023\gráficas 2\practicas\gc2-ad2023-clases-luces\lucesgc2\model\debug\model.tlog\link.command.1.tlog
e:\documentos\universidad\semestre agosto - diciembre 2023\gráficas 2\practicas\gc2-ad2023-clases-luces\lucesgc2\model\debug\model.tlog\link.read.1.tlog
e:\documentos\universidad\semestre agosto - diciembre 2023\gráficas 2\practicas\gc2-ad2023-clases-luces\lucesgc2\model\debug\model.tlog\link.write.1.tlog
